TpTrace Verbose: 0 : 28508, 1, 2016/11/07, 16:49:49.730, 1356843202667, vstest.console.dll, TestPluginCache: Discovering the extensions using extension path.
TpTrace Information: 0 : 28508, 1, 2016/11/07, 16:49:49.750, 1356843258577, vstest.console.dll, AssemblyResolver: Microsoft.VisualStudio.TestPlatform.Extensions.TrxLogger: Resolving assembly.
TpTrace Information: 0 : 28508, 1, 2016/11/07, 16:49:49.752, 1356843263630, vstest.console.dll, AssemblyResolver: Microsoft.VisualStudio.TestPlatform.Extensions.TrxLogger: Resolved assembly. 
TpTrace Information: 0 : 28508, 1, 2016/11/07, 16:49:49.755, 1356843273550, vstest.console.dll, AssemblyResolver: xunit.runner.visualstudio.testadapter: Resolving assembly.
TpTrace Information: 0 : 28508, 1, 2016/11/07, 16:49:49.756, 1356843276324, vstest.console.dll, AssemblyResolver: xunit.runner.visualstudio.testadapter: Resolved assembly. 
TpTrace Information: 0 : 28508, 1, 2016/11/07, 16:49:49.757, 1356843278676, vstest.console.dll, AssemblyResolver: xunit.runner.utility.desktop: Resolving assembly.
TpTrace Information: 0 : 28508, 1, 2016/11/07, 16:49:49.758, 1356843281302, vstest.console.dll, AssemblyResolver: xunit.runner.utility.desktop: Resolved assembly. 
TpTrace Information: 0 : 28508, 1, 2016/11/07, 16:49:49.759, 1356843284664, vstest.console.dll, AssemblyResolver: System.Core: Resolving assembly.
TpTrace Verbose: 0 : 28508, 1, 2016/11/07, 16:49:49.759, 1356843285575, vstest.console.dll, CurrentDomain_AssemblyResolve: Resolving assembly 'System.Core'.
TpTrace Information: 0 : 28508, 1, 2016/11/07, 16:49:49.759, 1356843286287, vstest.console.dll, AssemblyResolver: System.Core: Resolving assembly.
TpTrace Verbose: 0 : 28508, 1, 2016/11/07, 16:49:49.760, 1356843287195, vstest.console.dll, CurrentDomain_AssemblyResolve: Resolving assembly 'System.Core'.
TpTrace Verbose: 0 : 28508, 1, 2016/11/07, 16:49:49.760, 1356843287428, vstest.console.dll, CurrentDomainAssemblyResolve: Failed to resolve assembly 'System.Core'.
TpTrace Verbose: 0 : 28508, 1, 2016/11/07, 16:49:49.761, 1356843289833, vstest.console.dll, CurrentDomainAssemblyResolve: Failed to resolve assembly 'System.Core'.
TpTrace Information: 0 : 28508, 1, 2016/11/07, 16:49:49.779, 1356843344401, vstest.console.dll, AssemblyResolver: System.Core: Resolving assembly.
TpTrace Verbose: 0 : 28508, 1, 2016/11/07, 16:49:49.779, 1356843345691, vstest.console.dll, CurrentDomain_AssemblyResolve: Resolving assembly 'System.Core'.
TpTrace Verbose: 0 : 28508, 1, 2016/11/07, 16:49:49.779, 1356843345900, vstest.console.dll, CurrentDomainAssemblyResolve: Failed to resolve assembly 'System.Core'.
TpTrace Warning: 0 : 28508, 1, 2016/11/07, 16:49:49.796, 1356843395631, vstest.console.dll, TestPluginDiscoverer: Failed to get types from assembly 'xunit.runner.visualstudio.testadapter, Version=2.2.0.1194, Culture=neutral, PublicKeyToken=null'.  Skipping test extension scan for this assembly.  Error: System.Reflection.ReflectionTypeLoadException: Unable to load one or more of the requested types. Retrieve the LoaderExceptions property for more information.
   at System.Reflection.RuntimeModule.GetTypes(RuntimeModule module)
   at System.Reflection.Assembly.GetTypes()
   at Microsoft.VisualStudio.TestPlatform.Common.ExtensionFramework.TestPluginDiscoverer.GetTestExtensionsFromAssembly(Assembly assembly, Dictionary`2 testDiscoverers, Dictionary`2 testExecutors, Dictionary`2 testSettingsProviders, Dictionary`2 testLoggers)
TpTrace Warning: 0 : 28508, 1, 2016/11/07, 16:49:49.796, 1356843396105, vstest.console.dll, LoaderExceptions: System.TypeLoadException: Could not load type 'System.MarshalByRefObject' from assembly 'mscorlib, Version=4.0.0.0, Culture=neutral, PublicKeyToken=7cec85d7bea7798e'.
TpTrace Warning: 0 : 28508, 1, 2016/11/07, 16:49:49.796, 1356843396329, vstest.console.dll, LoaderExceptions: System.TypeLoadException: Could not load type 'System.MarshalByRefObject' from assembly 'mscorlib, Version=4.0.0.0, Culture=neutral, PublicKeyToken=7cec85d7bea7798e'.
TpTrace Warning: 0 : 28508, 1, 2016/11/07, 16:49:49.796, 1356843396591, vstest.console.dll, LoaderExceptions: System.IO.FileNotFoundException: Could not load file or assembly 'System.Core, Version=3.5.0.0, Culture=neutral, PublicKeyToken=b77a5c561934e089'. The system cannot find the file specified.
File name: 'System.Core, Version=3.5.0.0, Culture=neutral, PublicKeyToken=b77a5c561934e089'
TpTrace Warning: 0 : 28508, 1, 2016/11/07, 16:49:49.796, 1356843396957, vstest.console.dll, LoaderExceptions: System.TypeLoadException: Could not load type 'System.MarshalByRefObject' from assembly 'mscorlib, Version=4.0.0.0, Culture=neutral, PublicKeyToken=7cec85d7bea7798e'.
TpTrace Verbose: 0 : 28508, 1, 2016/11/07, 16:49:49.797, 1356843397387, vstest.console.dll, TestPluginCache: Discovered the extensions using extension path 'C:\Users\nimullen\Documents\GitHub\Mvc\test\Microsoft.AspNetCore.Mvc.Core.Test\bin\Debug\net46\xunit.runner.visualstudio.testadapter.dll'.
TpTrace Verbose: 0 : 28508, 1, 2016/11/07, 16:49:49.797, 1356843397888, vstest.console.dll, TestPluginCache: Discoverers are ''.
TpTrace Verbose: 0 : 28508, 1, 2016/11/07, 16:49:49.797, 1356843398291, vstest.console.dll, TestPluginCache: Executors are ''.
TpTrace Verbose: 0 : 28508, 1, 2016/11/07, 16:49:49.797, 1356843398687, vstest.console.dll, TestPluginCache: Setting providers are ''.
TpTrace Verbose: 0 : 28508, 1, 2016/11/07, 16:49:49.797, 1356843399111, vstest.console.dll, TestPluginCache: Loggers are 'logger://Microsoft/TestPlatform/TrxLogger/v2'.
TpTrace Verbose: 0 : 28508, 1, 2016/11/07, 16:49:49.828, 1356843492988, vstest.console.dll, Using effective platform:X86 effective framework:.NETFramework,Version=v4.6
TpTrace Verbose: 0 : 28508, 1, 2016/11/07, 16:49:49.844, 1356843538251, vstest.console.dll, TestEngine: Initializing Parallel Execution as MaxCpuCount is set to: 1
TpTrace Information: 0 : 28508, 1, 2016/11/07, 16:49:49.869, 1356843613876, vstest.console.dll, Listening on port : 9840
TpTrace Verbose: 0 : 28508, 1, 2016/11/07, 16:49:49.883, 1356843655935, vstest.console.dll, DefaultTestHostmanager: Full path of TestHost\testhost.x86.exe is C:\Users\nimullen\AppData\Local\Microsoft\dotnet\sdk\1.0.0-preview3-004056\TestHost\testhost.x86.exe
TpTrace Verbose: 0 : 28508, 1, 2016/11/07, 16:49:49.884, 1356843656819, vstest.console.dll, Launching default test Host Process C:\Users\nimullen\AppData\Local\Microsoft\dotnet\sdk\1.0.0-preview3-004056\TestHost\testhost.x86.exe with arguments  --port 9840 --parentprocessid 28508 --diag foo.host.161107044949.txt
TpTrace Verbose: 0 : 28508, 1, 2016/11/07, 16:49:49.884, 1356843657482, vstest.console.dll, ProcessHelper: Starting process 'C:\Users\nimullen\AppData\Local\Microsoft\dotnet\sdk\1.0.0-preview3-004056\TestHost\testhost.x86.exe' with command line ' --port 9840 --parentprocessid 28508 --diag foo.host.161107044949.txt'
TpTrace Information: 0 : 28508, 5, 2016/11/07, 16:49:51.168, 1356847503054, vstest.console.dll, Accepted Client request and set the flag
TpTrace Verbose: 0 : 28508, 1, 2016/11/07, 16:49:51.349, 1356848046006, vstest.console.dll, DiscoveryRequest.DiscoverAsync: Starting.
TpTrace Information: 0 : 28508, 1, 2016/11/07, 16:49:52.501, 1356851496457, vstest.console.dll, received message: {"MessageType":"TestSession.Message","Payload":{"MessageLevel":1,"Message":"[xUnit.net 00:00:00.8070132] Exception discovering tests from Microsoft.AspNetCore.Mvc.Core.Test: System.BadImageFormatException: Could not load file or assembly 'Microsoft.AspNetCore.Mvc.Core.Test, Version=1.0.0.0, Culture=neutral, PublicKeyToken=adb9793829ddae60' or one of its dependencies. An attempt was made to load a program with an incorrect format.\r\nFile name: 'Microsoft.AspNetCore.Mvc.Core.Test, Version=1.0.0.0, Culture=neutral, PublicKeyToken=adb9793829ddae60'\r\n   at System.Reflection.RuntimeAssembly._nLoad(AssemblyName fileName, String codeBase, Evidence assemblySecurity, RuntimeAssembly locationHint, StackCrawlMark& stackMark, IntPtr pPrivHostBinder, Boolean throwOnFileNotFound, Boolean forIntrospection, Boolean suppressSecurityChecks)\r\n   at System.Reflection.RuntimeAssembly.nLoad(AssemblyName fileName, String codeBase, Evidence assemblySecurity, RuntimeAssembly locationHint, StackCrawlMark& stackMark, IntPtr pPrivHostBinder, Boolean throwOnFileNotFound, Boolean forIntrospection, Boolean suppressSecurityChecks)\r\n   at System.Reflection.RuntimeAssembly.InternalLoadAssemblyName(AssemblyName assemblyRef, Evidence assemblySecurity, RuntimeAssembly reqAssembly, StackCrawlMark& stackMark, IntPtr pPrivHostBinder, Boolean throwOnFileNotFound, Boolean forIntrospection, Boolean suppressSecurityChecks)\r\n   at System.Reflection.Assembly.Load(AssemblyName assemblyRef)\r\n   at Xunit.Sdk.ReflectionAssemblyInfo..ctor(String assemblyFileName)$$RethrowMarker$$   at ExceptionExtensions.RethrowWithNoStackTraceLoss(Exception ex)\r\n   at Xunit.AppDomainManager_AppDomain.CreateObject[TObject](AssemblyName assemblyName, String typeName, Object[] args)\r\n   at Xunit.Xunit2Discoverer..ctor(AppDomainSupport appDomainSupport, ISourceInformationProvider sourceInformationProvider, IAssemblyInfo assemblyInfo, String assemblyFileName, String xunitExecutionAssemblyPath, String configFileName, Boolean shadowCopy, String shadowCopyFolder, IMessageSink diagnosticMessageSink, Boolean verifyAssembliesOnDisk)\r\n   at Xunit.XunitFrontController.CreateInnerController()\r\n   at Xunit.XunitFrontController.get_InnerController()\r\n   at Xunit.Runner.VisualStudio.TestAdapter.VsTestRunner.DiscoverTests[TVisitor](IEnumerable`1 sources, LoggerHelper logger, Func`4 visitorFactory, Action`4 visitComplete)\r\n\r\nWRN: Assembly binding logging is turned OFF.\r\nTo enable assembly bind failure logging, set the registry value [HKLM\\Software\\Microsoft\\Fusion!EnableLog] (DWORD) to 1.\r\nNote: There is some performance penalty associated with assembly bind failure logging.\r\nTo turn this feature off, remove the registry value [HKLM\\Software\\Microsoft\\Fusion!EnableLog].\r\n"}}
TpTrace Verbose: 0 : 28508, 1, 2016/11/07, 16:49:52.509, 1356851520453, vstest.console.dll, DiscoveryRequest.SendDiscoveryMessage: Starting.
TpTrace Information: 0 : 28508, 1, 2016/11/07, 16:49:52.510, 1356851522058, vstest.console.dll, DiscoveryRequest.SendDiscoveryMessage: Completed.
TpTrace Information: 0 : 28508, 3, 2016/11/07, 16:49:52.511, 1356851525644, vstest.console.dll, AssemblyResolver: Microsoft.TestPlatform.CoreUtilities.resources: Resolving assembly.
TpTrace Information: 0 : 28508, 3, 2016/11/07, 16:49:52.511, 1356851527427, vstest.console.dll, AssemblyResolver: Microsoft.TestPlatform.CoreUtilities.resources: Resolving assembly.
TpTrace Information: 0 : 28508, 1, 2016/11/07, 16:49:52.513, 1356851532891, vstest.console.dll, received message: {"MessageType":"TestDiscovery.Completed","Payload":{"TotalTests":0,"LastDiscoveredTests":[],"IsAborted":false}}
TpTrace Verbose: 0 : 28508, 1, 2016/11/07, 16:49:52.525, 1356851568752, vstest.console.dll, DiscoveryRequest.DiscoveryComplete: Starting. Aborted:False, TotalTests:0
TpTrace Verbose: 0 : 28508, 1, 2016/11/07, 16:49:52.525, 1356851569675, vstest.console.dll, DiscoveryRequest.DiscoveryComplete: Notified the discovery complete event.
TpTrace Information: 0 : 28508, 1, 2016/11/07, 16:49:52.526, 1356851570392, vstest.console.dll, DiscoveryRequest.DiscoveryComplete: Completed.
TpTrace Information: 0 : 28508, 1, 2016/11/07, 16:49:52.526, 1356851570630, vstest.console.dll, DiscoveryRequest.DiscoverAsync: Started.
TpTrace Verbose: 0 : 28508, 1, 2016/11/07, 16:49:52.526, 1356851570977, vstest.console.dll, DiscoveryRequest.WaitForCompletion: Waiting with timeout -1.
TpTrace Verbose: 0 : 28508, 1, 2016/11/07, 16:49:52.526, 1356851571498, vstest.console.dll, DiscoveryRequest.Dispose: Starting.
TpTrace Information: 0 : 28508, 1, 2016/11/07, 16:49:52.526, 1356851571774, vstest.console.dll, DiscoveryRequest.Dispose: Completed.
TpTrace Verbose: 0 : 28508, 1, 2016/11/07, 16:49:52.526, 1356851572079, vstest.console.dll, Executor.Execute: Exiting with exit code of 0
